<?xml version="1.0" encoding="UTF-8"?>
<!-- Generated by org.testng.reporters.JUnitXMLReporter -->
<testsuite ignored="0" hostname="DESKTOP-U5NS946" failures="0" tests="0" time="0.039" errors="0" timestamp="25 Aug 2021 11:28:49 GMT">
  <testcase classname="com.testcases.LoginTC" name="@BeforeSuite before" time="0.0">
    <failure type="org.testng.TestNGException" message="
Can inject only one of &amp;lt;ITestContext, XmlTest&amp;gt; into a @BeforeSuite annotated before.
For more information on native dependency injection please refer to http://testng.org/doc/documentation-main.html#native-dependency-injection">
      <![CDATA[org.testng.TestNGException: 
Can inject only one of <ITestContext, XmlTest> into a @BeforeSuite annotated before.
For more information on native dependency injection please refer to http://testng.org/doc/documentation-main.html#native-dependency-injection
... Removed 17 stack frames]]>
    </failure>
  </testcase> <!-- @BeforeSuite before -->
  <testcase classname="com.testcases.LoginTC" name="@AfterTest stop" time="0.0">
    <skipped/>
  </testcase> <!-- @AfterTest stop -->
</testsuite>
